QuestaSim qrun 2024.2 Utility 2024.05 May 20 2024
Start time: 00:30:26 on Mar 15,2025
qrun -f best_rjptl_bfms.filelist "+UVM_TESTNAME=super_like_rj_test_case" -sv -R -sv_seed 666 -l mti.log "+test_runtime" "+clk_period=100" 
Creating library 'qrun.out/work'.
QuestaSim vlog 2024.2 Compiler 2024.05 May 20 2024
Start time: 00:30:26 on Mar 15,2025
vlog "+incdir+/home/jaslin86/work_latest_version/rjptl_sim_UVM/test_bench" "+incdir+/home/jaslin86/work_latest_version/rjptl_sim_UVM/src" "+incdir+/home/jaslin86/work_latest_version/rjptl_sim_UVM/src.dut" "+incdir+/home/jaslin86/work_latest_version/rjptl_sim_UVM/test_case" "+define+RJ_DUMP_VCD" -sv /home/jaslin86/work_latest_version/rjptl_sim_UVM/src.dut/pkg_dut.sv /home/jaslin86/work_latest_version/rjptl_sim_UVM/test_bench/dut.sv /home/jaslin86/work_latest_version/rjptl_sim_UVM/src/interface.sv /home/jaslin86/work_latest_version/rjptl_sim_UVM/src/pkg.sv /home/jaslin86/work_latest_version/rjptl_sim_UVM/test_bench/top.sv -work qrun.out/work -statslog qrun.out/stats_log -writesessionid "+qrun.out/top_dus" -csession=incr 
-- Compiling package rjptl_pkg_dut
-- Importing package mtiUvm.uvm_pkg (uvm-1.1d Built-in)
** Note: (vlog-2286) /home/jaslin86/work_latest_version/rjptl_sim_UVM/src.dut/pkg_dut.sv(6): Using implicit +incdir+/u/release/questa/2024.2/questasim/uvm-1.1d/../verilog_src/uvm-1.1d/src from import uvm_pkg
-- Compiling module dut
-- Importing package rjptl_pkg_dut
-- Compiling interface rj_intf_tx
-- Compiling interface rj_intf_rx
-- Compiling package rjptl_pkg
-- Compiling module rj_top
-- Importing package rjptl_pkg

Top level modules:
	rj_top
End time: 00:30:27 on Mar 15,2025, Elapsed time: 0:00:01
Errors: 0, Warnings: 0
QuestaSim vopt 2024.2 Compiler 2024.05 May 20 2024
Start time: 00:30:27 on Mar 15,2025
vopt -l mti.log -findtoplevels qrun.out/work+1+ -work qrun.out/work -statslog qrun.out/stats_log -csession=incr -o qrun_opt -csessionid=2 

Top level modules:
	rj_top

Analyzing design...
-- Loading module rj_top
-- Importing package mtiUvm.uvm_pkg (uvm-1.1d Built-in)
-- Importing package rjptl_pkg
-- Loading package mtiUvm.questa_uvm_pkg
-- Loading interface rj_intf_tx
-- Loading interface rj_intf_rx
-- Loading module dut
-- Importing package rjptl_pkg_dut
Optimizing 10 design-units (inlining 2/4 module instances):
-- Optimizing package mtiUvm.uvm_pkg (uvm-1.1d Built-in)(fast)
-- Optimizing package mtiUvm.questa_uvm_pkg(fast)
-- Optimizing package rjptl_pkg(fast)
-- Optimizing package rjptl_pkg_dut(fast)
-- Inlining interface rj_intf_tx(fast__2)
-- Inlining interface rj_intf_rx(fast__2)
-- Optimizing module rj_top(fast)
-- Optimizing module dut(fast)
-- Optimizing interface rj_intf_rx(fast)
-- Optimizing interface rj_intf_tx(fast)
Optimized design name is qrun_opt
End time: 00:30:31 on Mar 15,2025, Elapsed time: 0:00:04
Errors: 0, Warnings: 0
End time: 00:30:36 on Mar 15,2025, Elapsed time: 0:00:10
*** Summary *********************************************
    qrun: Errors:   0, Warnings:   0
    vlog: Errors:   0, Warnings:   0
    vopt: Errors:   0, Warnings:   0
    vsim: Errors:   0, Warnings:   0
  Totals: Errors:   0, Warnings:   0
